[2026-02-06T06:00:45.807817] Не могу открыть ffmpeg log /var/www/live-server/ffmpeg_live_stream.log: [Errno 13] Permission denied: '/var/www/live-server/ffmpeg_live_stream.log'
[2026-02-06T06:00:45.807922] Запуск live ffmpeg: ffmpeg -hide_banner -loglevel info -rw_timeout 5000000 -i rtmp://127.0.0.1/live/stream -c copy -f flv rtmp://ovsu.okcdn.ru/input/-4980908_281465964_43_g5chmz5ebe (log: /var/www/live-server/ffmpeg_live_stream.log)
[2026-02-06T06:00:51.355682] Live ffmpeg завершился rc=1, log=/var/www/live-server/ffmpeg_live_stream.log
[2026-02-06T06:00:56.430085] Не могу открыть ffmpeg log /var/www/live-server/ffmpeg_live_stream.log: [Errno 13] Permission denied: '/var/www/live-server/ffmpeg_live_stream.log'
[2026-02-06T06:00:56.430162] Запуск live ffmpeg: ffmpeg -hide_banner -loglevel info -rw_timeout 5000000 -i rtmp://127.0.0.1/live/stream -c copy -f flv rtmp://ovsu.okcdn.ru/input/-4980908_281465964_43_g5chmz5ebe (log: /var/www/live-server/ffmpeg_live_stream.log)
[2026-02-06T06:01:01.977258] Live ffmpeg завершился rc=1, log=/var/www/live-server/ffmpeg_live_stream.log
[2026-02-06T06:01:07.054721] Не могу открыть ffmpeg log /var/www/live-server/ffmpeg_live_stream.log: [Errno 13] Permission denied: '/var/www/live-server/ffmpeg_live_stream.log'
[2026-02-06T06:01:07.054797] Запуск live ffmpeg: ffmpeg -hide_banner -loglevel info -rw_timeout 5000000 -i rtmp://127.0.0.1/live/stream -c copy -f flv rtmp://ovsu.okcdn.ru/input/-4980908_281465964_43_g5chmz5ebe (log: /var/www/live-server/ffmpeg_live_stream.log)
[2026-02-06T06:01:12.600610] Live ffmpeg завершился rc=1, log=/var/www/live-server/ffmpeg_live_stream.log
[2026-02-06T06:01:17.675422] Не могу открыть ffmpeg log /var/www/live-server/ffmpeg_live_stream.log: [Errno 13] Permission denied: '/var/www/live-server/ffmpeg_live_stream.log'
[2026-02-06T06:01:17.675498] Запуск live ffmpeg: ffmpeg -hide_banner -loglevel info -rw_timeout 5000000 -i rtmp://127.0.0.1/live/stream -c copy -f flv rtmp://ovsu.okcdn.ru/input/-4980908_281465964_43_g5chmz5ebe (log: /var/www/live-server/ffmpeg_live_stream.log)
[2026-02-06T06:01:23.222704] Live ffmpeg завершился rc=1, log=/var/www/live-server/ffmpeg_live_stream.log
[2026-02-06T06:01:28.296998] Не могу открыть ffmpeg log /var/www/live-server/ffmpeg_live_stream.log: [Errno 13] Permission denied: '/var/www/live-server/ffmpeg_live_stream.log'
[2026-02-06T06:01:28.297072] Запуск live ffmpeg: ffmpeg -hide_banner -loglevel info -rw_timeout 5000000 -i rtmp://127.0.0.1/live/stream -c copy -f flv rtmp://ovsu.okcdn.ru/input/-4980908_281465964_43_g5chmz5ebe (log: /var/www/live-server/ffmpeg_live_stream.log)
[2026-02-06T06:01:34.353653] LOCK exists (/tmp/start_vk_stream.lock), skip запуск для stream
[2026-02-06T06:01:39.424255] LOCK exists (/tmp/start_vk_stream.lock), skip запуск для stream
[2026-02-06T06:01:44.486248] LOCK exists (/tmp/start_vk_stream.lock), skip запуск для stream
[2026-02-06T06:01:49.547736] LOCK exists (/tmp/start_vk_stream.lock), skip запуск для stream
[2026-02-06T06:01:54.610430] LOCK exists (/tmp/start_vk_stream.lock), skip запуск для stream
[2026-02-06T06:01:59.668347] LOCK exists (/tmp/start_vk_stream.lock), skip запуск для stream
[2026-02-06T06:02:04.728924] LOCK exists (/tmp/start_vk_stream.lock), skip запуск для stream
[2026-02-06T06:02:09.791413] LOCK exists (/tmp/start_vk_stream.lock), skip запуск для stream
[2026-02-06T06:02:14.850012] LOCK exists (/tmp/start_vk_stream.lock), skip запуск для stream
[2026-02-06T06:02:19.908522] LOCK exists (/tmp/start_vk_stream.lock), skip запуск для stream
[2026-02-06T06:02:24.970870] LOCK exists (/tmp/start_vk_stream.lock), skip запуск для stream
[2026-02-06T06:02:30.032011] LOCK exists (/tmp/start_vk_stream.lock), skip запуск для stream
[2026-02-06T06:02:35.092397] LOCK exists (/tmp/start_vk_stream.lock), skip запуск для stream
[2026-02-06T06:02:40.152207] LOCK exists (/tmp/start_vk_stream.lock), skip запуск для stream
[2026-02-06T06:02:45.214302] LOCK exists (/tmp/start_vk_stream.lock), skip запуск для stream
[2026-02-06T06:02:50.274453] LOCK exists (/tmp/start_vk_stream.lock), skip запуск для stream
[2026-02-06T06:02:55.335205] LOCK exists (/tmp/start_vk_stream.lock), skip запуск для stream
[2026-02-06T06:03:00.394460] LOCK exists (/tmp/start_vk_stream.lock), skip запуск для stream
[2026-02-06T06:03:05.454296] LOCK exists (/tmp/start_vk_stream.lock), skip запуск для stream
[2026-02-06T06:03:10.514022] LOCK exists (/tmp/start_vk_stream.lock), skip запуск для stream
[2026-02-06T06:03:15.574573] LOCK exists (/tmp/start_vk_stream.lock), skip запуск для stream
[2026-02-06T06:03:20.636245] LOCK exists (/tmp/start_vk_stream.lock), skip запуск для stream
[2026-02-06T06:03:25.695028] LOCK exists (/tmp/start_vk_stream.lock), skip запуск для stream
[2026-02-06T06:03:30.752568] LOCK exists (/tmp/start_vk_stream.lock), skip запуск для stream
[2026-02-06T06:03:35.813418] LOCK exists (/tmp/start_vk_stream.lock), skip запуск для stream
[2026-02-06T06:03:40.875074] LOCK exists (/tmp/start_vk_stream.lock), skip запуск для stream
[2026-02-06T06:03:45.934777] LOCK exists (/tmp/start_vk_stream.lock), skip запуск для stream
[2026-02-06T06:03:50.996087] LOCK exists (/tmp/start_vk_stream.lock), skip запуск для stream
[2026-02-06T06:03:56.054698] LOCK exists (/tmp/start_vk_stream.lock), skip запуск для stream
[2026-02-06T06:04:01.113273] LOCK exists (/tmp/start_vk_stream.lock), skip запуск для stream
[2026-02-06T06:04:06.174024] Запуск live ffmpeg: ffmpeg -hide_banner -loglevel info -rw_timeout 5000000 -i rtmp://127.0.0.1/live/stream -c copy -f flv rtmp://ovsu.okcdn.ru/input/-4980908_281465964_43_g5chmz5ebe (log: /var/www/live-server/logs/ffmpeg_live_stream.log)
[2026-02-06T06:04:26.341290] Запуск live ffmpeg: ffmpeg -hide_banner -loglevel info -rw_timeout 5000000 -i rtmp://127.0.0.1/live/stream -c copy -f flv rtmp://ovsu.okcdn.ru/input/-4980908_281465964_43_g5chmz5ebe (log: /var/www/live-server/logs/ffmpeg_live_stream.log)
[2026-02-06T06:08:12.430755] LOCK exists (/tmp/start_vk_stream.lock), skip запуск для stream
[2026-02-06T06:08:17.491969] LOCK exists (/tmp/start_vk_stream.lock), skip запуск для stream
[2026-02-06T06:08:22.551246] LOCK exists (/tmp/start_vk_stream.lock), skip запуск для stream
[2026-02-06T06:08:27.613794] LOCK exists (/tmp/start_vk_stream.lock), skip запуск для stream
[2026-02-06T06:08:32.673933] LOCK exists (/tmp/start_vk_stream.lock), skip запуск для stream
[2026-02-06T06:08:37.735359] LOCK exists (/tmp/start_vk_stream.lock), skip запуск для stream
[2026-02-06T06:08:42.797569] LOCK exists (/tmp/start_vk_stream.lock), skip запуск для stream
[2026-02-06T06:08:47.858663] LOCK exists (/tmp/start_vk_stream.lock), skip запуск для stream
[2026-02-06T06:08:52.920691] LOCK exists (/tmp/start_vk_stream.lock), skip запуск для stream
[2026-02-06T06:08:57.982880] LOCK exists (/tmp/start_vk_stream.lock), skip запуск для stream
[2026-02-06T06:09:03.042702] LOCK exists (/tmp/start_vk_stream.lock), skip запуск для stream
[2026-02-06T06:09:08.103734] LOCK exists (/tmp/start_vk_stream.lock), skip запуск для stream
[2026-02-06T06:09:13.165940] LOCK exists (/tmp/start_vk_stream.lock), skip запуск для stream
[2026-02-06T06:09:18.226212] LOCK exists (/tmp/start_vk_stream.lock), skip запуск для stream
[2026-02-06T06:09:23.286778] LOCK exists (/tmp/start_vk_stream.lock), skip запуск для stream
[2026-02-06T06:09:28.347220] LOCK exists (/tmp/start_vk_stream.lock), skip запуск для stream
[2026-02-06T06:09:33.407161] LOCK exists (/tmp/start_vk_stream.lock), skip запуск для stream
[2026-02-06T06:09:38.467916] LOCK exists (/tmp/start_vk_stream.lock), skip запуск для stream
[2026-02-06T06:09:43.527178] LOCK exists (/tmp/start_vk_stream.lock), skip запуск для stream
[2026-02-06T06:09:48.586841] LOCK exists (/tmp/start_vk_stream.lock), skip запуск для stream
[2026-02-06T06:09:53.646131] LOCK exists (/tmp/start_vk_stream.lock), skip запуск для stream
[2026-02-06T06:09:58.705988] LOCK exists (/tmp/start_vk_stream.lock), skip запуск для stream
[2026-02-06T06:10:03.766885] LOCK exists (/tmp/start_vk_stream.lock), skip запуск для stream
[2026-02-06T06:10:08.827493] LOCK exists (/tmp/start_vk_stream.lock), skip запуск для stream
[2026-02-06T06:10:13.887907] Запуск live ffmpeg: ffmpeg -hide_banner -loglevel info -rw_timeout 5000000 -i rtmp://127.0.0.1/live/stream -c copy -f flv rtmp://ovsu.okcdn.ru/input/-4980908_281465964_43_g5chmz5ebe (log: /var/www/live-server/logs/ffmpeg_live_stream.log)
[2026-02-06T06:10:49.460754] Запуск live ffmpeg: ffmpeg -hide_banner -loglevel info -rw_timeout 5000000 -i rtmp://127.0.0.1/live/stream -c copy -f flv rtmp://ovsu.okcdn.ru/input/-4980908_281465964_43_g5chmz5ebe (log: /var/www/live-server/logs/ffmpeg_live_stream.log)
[2026-02-06T06:13:06.353028] Live ffmpeg завершился rc=1, log=/var/www/live-server/logs/ffmpeg_live_stream.log
[2026-02-06T06:13:11.429000] Запуск live ffmpeg: ffmpeg -hide_banner -loglevel info -rw_timeout 5000000 -i rtmp://127.0.0.1/live/stream -c copy -f flv rtmp://ovsu.okcdn.ru/input/-4980908_281465964_43_g5chmz5ebe (log: /var/www/live-server/logs/ffmpeg_live_stream.log)
